<?xml version="1.0" encoding="UTF-8"?>
<!-- Generated by org.testng.reporters.JUnitXMLReporter -->
<testsuite ignored="0" hostname="SusuEsusi" failures="0" tests="7" name="Default test" time="10.127" errors="0" timestamp="2022-09-24T23:39:38 EDT">
  <testcase classname="bbq.TakeOutOrder" name="hometpage" time="3.94"/>
  <testcase classname="bbq.TakeOutOrder" name="ClickLocation" time="0.04"/>
  <testcase classname="bbq.TakeOutOrder" name="ClickNostrand" time="0.939"/>
  <testcase classname="bbq.TakeOutOrder" name="ScrollDownToTakeOutNostrandAve" time="0.008"/>
  <testcase classname="bbq.TakeOutOrder" name="ClickTakeOutNostrandAve" time="0.041"/>
  <testcase classname="bbq.TakeOutOrder" name="printdeline" time="5.051"/>
  <testcase classname="bbq.TakeOutOrder" name="clickdecline" time="0.077"/>
</testsuite> <!-- Default test -->
