<?xml version="1.0" encoding="UTF-8"?>
<!-- Generated by org.testng.reporters.JUnitXMLReporter -->
<testsuite ignored="0" hostname="SusuEsusi" failures="0" tests="7" name="LandingPAge" time="10.156" errors="0" timestamp="2022-09-24T21:33:42 EDT">
  <testcase classname="bbq.LandingPAge" name="hometpage" time="3.89"/>
  <testcase classname="bbq.LandingPAge" name="ClickLocation" time="0.042"/>
  <testcase classname="bbq.LandingPAge" name="ClickNostrand" time="0.859"/>
  <testcase classname="bbq.LandingPAge" name="ScrollDownToTakeOutNostrandAve" time="0.007"/>
  <testcase classname="bbq.LandingPAge" name="ClickTakeOutNostrandAve" time="0.042"/>
  <testcase classname="bbq.LandingPAge" name="printdeline" time="5.044"/>
  <testcase classname="bbq.LandingPAge" name="clickdecline" time="0.239"/>
</testsuite> <!-- LandingPAge -->
